<?xml version="1.0" encoding="UTF-8"?>
<!-- Generated by org.testng.reporters.JUnitXMLReporter -->
<testsuite ignored="0" hostname="DESKTOP-SR63GPM" failures="1" tests="1" name="Adding Products on Homepage" time="25.543" errors="0" timestamp="2025-03-11T21:22:37 CDT">
  <testcase classname="testclasses.AddProductOnMensJacketsPage" name="addProductOnMensJacketsPage" time="3.087">
    <failure type="java.lang.AssertionError" message="Maps do not have the same size:0 != 1">
      <![CDATA[java.lang.AssertionError: Maps do not have the same size:0 != 1
at testclasses.AddProductOnMensJacketsPage.addProductOnMensJacketsPage(AddProductOnMensJacketsPage.java:63)
at java.base/java.util.ArrayList.forEach(ArrayList.java:1597)
... Removed 28 stack frames]]>
    </failure>
  </testcase> <!-- addProductOnMensJacketsPage -->
</testsuite> <!-- Adding Products on Homepage -->
