<?xml version="1.0" encoding="UTF-8"?>
<testng-results ignored="0" total="1" passed="1" failed="0" skipped="0">
  <reporter-output>
  </reporter-output>
  <suite started-at="2025-02-11T20:58:27 CST" name="Master Suite" finished-at="2025-02-11T20:58:49 CST" duration-ms="22353">
    <groups>
    </groups>
    <test started-at="2025-02-11T20:58:27 CST" name="Adding Products on Homepage" finished-at="2025-02-11T20:58:49 CST" duration-ms="22353">
      <class name="testclasses.AddProductOnHomePage">
        <test-method is-config="true" signature="setup(java.lang.String,java.lang.String)[pri:0, instance:testclasses.AddProductOnHomePage@55dfebeb]" started-at="2025-02-11T20:58:27 CST" name="setup" finished-at="2025-02-11T20:58:33 CST" duration-ms="6128" status="PASS">
          <params>
            <param index="0">
              <value>
                <![CDATA[windows]]>
              </value>
            </param>
            <param index="1">
              <value>
                <![CDATA[chrome]]>
              </value>
            </param>
          </params>
          <reporter-output>
          </reporter-output>
        </test-method> <!-- setup -->
        <test-method signature="addProductOnHomepage()[pri:0, instance:testclasses.AddProductOnHomePage@55dfebeb]" started-at="2025-02-11T20:58:33 CST" name="addProductOnHomepage" finished-at="2025-02-11T20:58:49 CST" duration-ms="15723" status="PASS">
          <reporter-output>
          </reporter-output>
        </test-method> <!-- addProductOnHomepage -->
        <test-method is-config="true" signature="tearDown()[pri:0, instance:testclasses.AddProductOnHomePage@55dfebeb]" started-at="2025-02-11T20:58:49 CST" name="tearDown" finished-at="2025-02-11T20:58:49 CST" duration-ms="422" status="PASS">
          <reporter-output>
          </reporter-output>
        </test-method> <!-- tearDown -->
      </class> <!-- testclasses.AddProductOnHomePage -->
    </test> <!-- Adding Products on Homepage -->
  </suite> <!-- Master Suite -->
</testng-results>
