<?xml version="1.0" encoding="UTF-8"?>
<!-- Generated by org.testng.reporters.JUnitXMLReporter -->
<testsuite ignored="0" hostname="DESKTOP-SR63GPM" failures="1" tests="1" name="Adding Products on Homepage in Linux-chrome" time="7.21" errors="0" timestamp="2025-01-07T19:04:29 CST">
  <testcase classname="testclasses.AddProductOnHomePage" name="addProductOnHomepage" time="3.249">
    <failure type="java.lang.AssertionError" message="Maps do not have the same size:0 != 1">
      <![CDATA[java.lang.AssertionError: Maps do not have the same size:0 != 1
at testclasses.AddProductOnHomePage.addProductOnHomepage(AddProductOnHomePage.java:71)
at java.base/java.util.ArrayList.forEach(ArrayList.java:1597)
at java.base/java.util.concurrent.FutureTask.run(FutureTask.java:317)
at java.base/java.util.concurrent.ThreadPoolExecutor.runWorker(ThreadPoolExecutor.java:1144)
at java.base/java.util.concurrent.ThreadPoolExecutor$Worker.run(ThreadPoolExecutor.java:642)
at java.base/java.lang.Thread.run(Thread.java:1570)
... Removed 18 stack frames]]>
    </failure>
  </testcase> <!-- addProductOnHomepage -->
</testsuite> <!-- Adding Products on Homepage in Linux-chrome -->
